mode: set
github.com/pivotal-pez/haas-broker/handlers/instance/create_instance.go:14.80,22.59 2 1
github.com/pivotal-pez/haas-broker/handlers/instance/create_instance.go:40.2,40.16 1 1
github.com/pivotal-pez/haas-broker/handlers/instance/create_instance.go:44.2,45.30 2 1
github.com/pivotal-pez/haas-broker/handlers/instance/create_instance.go:22.59,24.60 1 1
github.com/pivotal-pez/haas-broker/handlers/instance/create_instance.go:24.60,31.108 4 1
github.com/pivotal-pez/haas-broker/handlers/instance/create_instance.go:31.108,36.5 4 1
github.com/pivotal-pez/haas-broker/handlers/instance/create_instance.go:40.16,43.3 2 1
github.com/pivotal-pez/haas-broker/handlers/instance/create_instance.go:48.48,50.2 1 1
github.com/pivotal-pez/haas-broker/handlers/instance/instance.go:13.120,18.2 4 0
github.com/pivotal-pez/haas-broker/handlers/instance/instance.go:21.82,22.56 1 0
github.com/pivotal-pez/haas-broker/handlers/instance/instance.go:22.56,24.3 1 0
github.com/pivotal-pez/haas-broker/handlers/instance/instance.go:28.83,29.56 1 0
github.com/pivotal-pez/haas-broker/handlers/instance/instance.go:29.56,31.3 1 0
github.com/pivotal-pez/haas-broker/handlers/instance/instance.go:35.80,36.56 1 0
github.com/pivotal-pez/haas-broker/handlers/instance/instance.go:36.56,40.3 3 0
github.com/pivotal-pez/haas-broker/handlers/instance/instance_model.go:9.51,12.2 2 1
