mode: set
github.com/pivotal-pez/haas-broker/handlers/instance/create_instance.go:12.80,20.59 2 1
github.com/pivotal-pez/haas-broker/handlers/instance/create_instance.go:28.2,28.16 1 1
github.com/pivotal-pez/haas-broker/handlers/instance/create_instance.go:33.2,34.30 2 1
github.com/pivotal-pez/haas-broker/handlers/instance/create_instance.go:20.59,22.53 1 1
github.com/pivotal-pez/haas-broker/handlers/instance/create_instance.go:22.53,25.4 2 1
github.com/pivotal-pez/haas-broker/handlers/instance/create_instance.go:28.16,31.3 2 1
github.com/pivotal-pez/haas-broker/handlers/instance/instance.go:12.80,16.2 3 0
github.com/pivotal-pez/haas-broker/handlers/instance/instance.go:19.82,20.56 1 0
github.com/pivotal-pez/haas-broker/handlers/instance/instance.go:20.56,22.3 1 0
github.com/pivotal-pez/haas-broker/handlers/instance/instance.go:26.83,27.56 1 0
github.com/pivotal-pez/haas-broker/handlers/instance/instance.go:27.56,29.3 1 0
github.com/pivotal-pez/haas-broker/handlers/instance/instance.go:33.80,34.56 1 0
github.com/pivotal-pez/haas-broker/handlers/instance/instance.go:34.56,38.3 3 0
